"QUERY PLAN"
"Unique  (cost=29.69..29.82 rows=25 width=118) (actual time=0.246..0.252 rows=34 loops=1)"
"  ->  Sort  (cost=29.69..29.75 rows=25 width=118) (actual time=0.245..0.248 rows=38 loops=1)"
"        Sort Key: ""4014_Characters"".charactername"
"        Sort Method: quicksort  Memory: 25kB"
"        ->  Append  (cost=0.00..29.11 rows=25 width=118) (actual time=0.013..0.184 rows=38 loops=1)"
"              ->  Seq Scan on ""4014_Characters""  (cost=0.00..8.84 rows=21 width=13) (actual time=0.013..0.040 rows=21 loops=1)"
"                    Filter: ((housename)::text = 'Stark'::text)"
"                    Rows Removed by Filter: 366"
"              ->  Nested Loop  (cost=9.25..20.15 rows=4 width=13) (actual time=0.076..0.142 rows=17 loops=1)"
"                    ->  Hash Join  (cost=9.10..18.22 rows=4 width=3) (actual time=0.067..0.096 rows=17 loops=1)"
"                          Hash Cond: ((rel.target_character_id)::text = (c2.id)::text)"
"                          ->  Seq Scan on ""4014_Character_Relationships"" rel  (cost=0.00..8.93 rows=76 width=6) (actual time=0.029..0.052 rows=76 loops=1)"
"                                Filter: ((relationship_type)::text = ANY ('{Married_engaged,Servant_of}'::text[]))"
"                                Rows Removed by Filter: 398"
"                          ->  Hash  (cost=8.84..8.84 rows=21 width=3) (actual time=0.030..0.030 rows=21 loops=1)"
"                                Buckets: 1024  Batches: 1  Memory Usage: 9kB"
"                                ->  Seq Scan on ""4014_Characters"" c2  (cost=0.00..8.84 rows=21 width=3) (actual time=0.005..0.026 rows=21 loops=1)"
"                                      Filter: ((housename)::text = 'Stark'::text)"
"                                      Rows Removed by Filter: 366"
"                    ->  Index Scan using ""4014_Characters_pkey"" on ""4014_Characters"" c1  (cost=0.15..0.48 rows=1 width=16) (actual time=0.002..0.002 rows=1 loops=17)"
"                          Index Cond: ((id)::text = (rel.source_character_id)::text)"
"Planning Time: 0.410 ms"
"Execution Time: 0.276 ms"
