"QUERY PLAN"
"Limit  (cost=104.56..104.61 rows=20 width=11) (actual time=2.507..2.510 rows=20 loops=1)"
"  ->  Sort  (cost=104.56..104.95 rows=154 width=11) (actual time=2.506..2.508 rows=20 loops=1)"
"        Sort Key: (count(DISTINCT sc.id)) DESC"
"        Sort Method: top-N heapsort  Memory: 26kB"
"        ->  GroupAggregate  (cost=90.53..100.47 rows=154 width=11) (actual time=2.306..2.474 rows=154 loops=1)"
"              Group Key: sc.char_id"
"              ->  Sort  (cost=90.53..93.33 rows=1119 width=7) (actual time=2.299..2.329 rows=1119 loops=1)"
"                    Sort Key: sc.char_id, sc.id"
"                    Sort Method: quicksort  Memory: 75kB"
"                    ->  Hash Join  (cost=12.71..33.87 rows=1119 width=7) (actual time=0.105..0.335 rows=1119 loops=1)"
"                          Hash Cond: ((sc.char_id)::text = (ch.id)::text)"
"                          ->  Seq Scan on ""4014_Episodes_Scene_Characters"" sc  (cost=0.00..18.19 rows=1119 width=7) (actual time=0.011..0.060 rows=1119 loops=1)"
"                          ->  Hash  (cost=7.87..7.87 rows=387 width=3) (actual time=0.065..0.066 rows=387 loops=1)"
"                                Buckets: 1024  Batches: 1  Memory Usage: 22kB"
"                                ->  Seq Scan on ""4014_Characters"" ch  (cost=0.00..7.87 rows=387 width=3) (actual time=0.009..0.032 rows=387 loops=1)"
"Planning Time: 2.708 ms"
"Execution Time: 2.540 ms"
