"QUERY PLAN"
"HashAggregate  (cost=17.90..18.63 rows=73 width=29) (actual time=0.124..0.128 rows=25 loops=1)"
"  Group Key: ep.id, ep.episodetitle, ep.eplength"
"  Batches: 1  Memory Usage: 24kB"
"  ->  Hash Join  (cost=9.58..17.14 rows=102 width=29) (actual time=0.070..0.101 rows=102 loops=1)"
"        Hash Cond: ((loc.id)::text = (ep.id)::text)"
"        ->  Bitmap Heap Scan on ""4014_Episodes_Scene_Locations_Sublocations"" loc  (cost=4.94..12.22 rows=102 width=4) (actual time=0.033..0.048 rows=102 loops=1)"
"              Recheck Cond: ((sub_name_y)::text = 'Winterfell'::text)"
"              Heap Blocks: exact=5"
"              ->  Bitmap Index Scan on subloc_name  (cost=0.00..4.92 rows=102 width=0) (actual time=0.024..0.024 rows=102 loops=1)"
"                    Index Cond: ((sub_name_y)::text = 'Winterfell'::text)"
"        ->  Hash  (cost=3.73..3.73 rows=73 width=29) (actual time=0.031..0.031 rows=73 loops=1)"
"              Buckets: 1024  Batches: 1  Memory Usage: 13kB"
"              ->  Seq Scan on ""4014_Episodes"" ep  (cost=0.00..3.73 rows=73 width=29) (actual time=0.012..0.022 rows=73 loops=1)"
"Planning Time: 2.863 ms"
"Execution Time: 0.198 ms"
