"QUERY PLAN"
"HashAggregate  (cost=21.72..22.45 rows=73 width=29) (actual time=0.137..0.140 rows=25 loops=1)"
"  Group Key: ep.id, ep.episodetitle, ep.eplength"
"  Batches: 1  Memory Usage: 24kB"
"  ->  Hash Join  (cost=4.64..20.96 rows=102 width=29) (actual time=0.043..0.114 rows=102 loops=1)"
"        Hash Cond: ((loc.id)::text = (ep.id)::text)"
"        ->  Seq Scan on ""4014_Episodes_Scene_Locations_Sublocations"" loc  (cost=0.00..16.04 rows=102 width=4) (actual time=0.014..0.069 rows=102 loops=1)"
"              Filter: ((sub_name_y)::text = 'Winterfell'::text)"
"              Rows Removed by Filter: 701"
"        ->  Hash  (cost=3.73..3.73 rows=73 width=29) (actual time=0.025..0.025 rows=73 loops=1)"
"              Buckets: 1024  Batches: 1  Memory Usage: 13kB"
"              ->  Seq Scan on ""4014_Episodes"" ep  (cost=0.00..3.73 rows=73 width=29) (actual time=0.005..0.013 rows=73 loops=1)"
"Planning Time: 1.929 ms"
"Execution Time: 0.161 ms"
