"QUERY PLAN"
"Unique  (cost=28.28..30.80 rows=168 width=53) (actual time=0.375..0.405 rows=73 loops=1)"
"  ->  Sort  (cost=28.28..28.70 rows=168 width=53) (actual time=0.375..0.380 rows=168 loops=1)"
"        Sort Key: ""char"".id, ""char"".charactername, ""char"".housename, ""char"".actorname0, ""char"".actorname1"
"        Sort Method: quicksort  Memory: 34kB"
"        ->  Hash Join  (cost=12.71..22.07 rows=168 width=53) (actual time=0.141..0.183 rows=168 loops=1)"
"              Hash Cond: ((rel.source_character_id)::text = (""char"".id)::text)"
"              ->  Seq Scan on ""4014_Character_Relationships"" rel  (cost=0.00..8.93 rows=168 width=3) (actual time=0.031..0.046 rows=168 loops=1)"
"                    Filter: ((relationship_type)::text = 'Killed'::text)"
"                    Rows Removed by Filter: 306"
"              ->  Hash  (cost=7.87..7.87 rows=387 width=53) (actual time=0.104..0.104 rows=387 loops=1)"
"                    Buckets: 1024  Batches: 1  Memory Usage: 33kB"
"                    ->  Seq Scan on ""4014_Characters"" ""char""  (cost=0.00..7.87 rows=387 width=53) (actual time=0.006..0.040 rows=387 loops=1)"
"Planning Time: 0.287 ms"
"Execution Time: 0.432 ms"
