"QUERY PLAN"
"Aggregate  (cost=28.97..28.98 rows=1 width=8) (actual time=0.142..0.143 rows=1 loops=1)"
"  ->  HashAggregate  (cost=28.41..28.66 rows=25 width=118) (actual time=0.137..0.141 rows=34 loops=1)"
"        Group Key: ""4014_Characters"".charactername"
"        Batches: 1  Memory Usage: 24kB"
"        ->  Append  (cost=4.31..28.34 rows=25 width=118) (actual time=0.022..0.127 rows=38 loops=1)"
"              ->  Bitmap Heap Scan on ""4014_Characters""  (cost=4.31..8.57 rows=21 width=13) (actual time=0.021..0.025 rows=21 loops=1)"
"                    Recheck Cond: ((housename)::text = 'Stark'::text)"
"                    Heap Blocks: exact=4"
"                    ->  Bitmap Index Scan on h_name  (cost=0.00..4.30 rows=21 width=0) (actual time=0.013..0.013 rows=21 loops=1)"
"                          Index Cond: ((housename)::text = 'Stark'::text)"
"              ->  Nested Loop  (cost=13.72..19.65 rows=4 width=13) (actual time=0.045..0.100 rows=17 loops=1)"
"                    ->  Hash Join  (cost=13.57..17.72 rows=4 width=3) (actual time=0.037..0.048 rows=17 loops=1)"
"                          Hash Cond: ((rel.target_character_id)::text = (c2.id)::text)"
"                          ->  Bitmap Heap Scan on ""4014_Character_Relationships"" rel  (cost=4.74..8.69 rows=76 width=6) (actual time=0.013..0.016 rows=76 loops=1)"
"                                Recheck Cond: ((relationship_type)::text = ANY ('{Married_engaged,Servant_of}'::text[]))"
"                                Heap Blocks: exact=1"
"                                ->  Bitmap Index Scan on rel_type  (cost=0.00..4.72 rows=76 width=0) (actual time=0.006..0.006 rows=76 loops=1)"
"                                      Index Cond: ((relationship_type)::text = ANY ('{Married_engaged,Servant_of}'::text[]))"
"                          ->  Hash  (cost=8.57..8.57 rows=21 width=3) (actual time=0.017..0.018 rows=21 loops=1)"
"                                Buckets: 1024  Batches: 1  Memory Usage: 9kB"
"                                ->  Bitmap Heap Scan on ""4014_Characters"" c2  (cost=4.31..8.57 rows=21 width=3) (actual time=0.010..0.013 rows=21 loops=1)"
"                                      Recheck Cond: ((housename)::text = 'Stark'::text)"
"                                      Heap Blocks: exact=4"
"                                      ->  Bitmap Index Scan on h_name  (cost=0.00..4.30 rows=21 width=0) (actual time=0.006..0.006 rows=21 loops=1)"
"                                            Index Cond: ((housename)::text = 'Stark'::text)"
"                    ->  Index Scan using ""4014_Characters_pkey"" on ""4014_Characters"" c1  (cost=0.15..0.48 rows=1 width=16) (actual time=0.003..0.003 rows=1 loops=17)"
"                          Index Cond: ((id)::text = (rel.source_character_id)::text)"
"Planning Time: 1.394 ms"
"Execution Time: 0.201 ms"
