"QUERY PLAN"
"Limit  (cost=112.40..112.45 rows=20 width=21) (actual time=2.563..2.566 rows=20 loops=1)"
"  ->  Sort  (cost=112.40..113.32 rows=368 width=21) (actual time=2.563..2.565 rows=20 loops=1)"
"        Sort Key: (count(DISTINCT sc.id)) DESC"
"        Sort Method: top-N heapsort  Memory: 27kB"
"        ->  GroupAggregate  (cost=90.53..102.61 rows=368 width=21) (actual time=2.378..2.546 rows=154 loops=1)"
"              Group Key: ch.charactername"
"              ->  Sort  (cost=90.53..93.33 rows=1119 width=17) (actual time=2.375..2.405 rows=1119 loops=1)"
"                    Sort Key: ch.charactername, sc.id"
"                    Sort Method: quicksort  Memory: 88kB"
"                    ->  Hash Join  (cost=12.71..33.87 rows=1119 width=17) (actual time=0.092..0.306 rows=1119 loops=1)"
"                          Hash Cond: ((sc.char_id)::text = (ch.id)::text)"
"                          ->  Seq Scan on ""4014_Episodes_Scene_Characters"" sc  (cost=0.00..18.19 rows=1119 width=7) (actual time=0.009..0.049 rows=1119 loops=1)"
"                          ->  Hash  (cost=7.87..7.87 rows=387 width=16) (actual time=0.076..0.077 rows=387 loops=1)"
"                                Buckets: 1024  Batches: 1  Memory Usage: 27kB"
"                                ->  Seq Scan on ""4014_Characters"" ch  (cost=0.00..7.87 rows=387 width=16) (actual time=0.006..0.032 rows=387 loops=1)"
"Planning Time: 0.823 ms"
"Execution Time: 2.589 ms"
